2023-02-19 02:21:47 [myapp] info: [GET] /api/contents
2023-02-19 02:22:12 [Flutter_backend] info: [GET] /api/contents
2023-02-19 02:22:31 [Flutter_backend] info: [POST] /api/contents
2023-02-19 02:34:23 [Flutter_backend] info: [GET] /api/courses
2023-02-19 02:34:56 [Logging] info: [GET] /api/courses
2023-02-19 02:35:10 [Logging] info: [GET] /api/courses/2
2023-02-19 02:35:57 [Logging] info: [GET] /api/courses/2
2023-02-19 02:46:06 [Logging] info: [GET] /api/lessons/2
2023-02-19 02:46:21 [Logging] info: [GET] /api/courses
2023-02-19 02:47:14 [Logging] info: [GET] /api/courses
2023-02-19 02:47:18 [Logging] info: [GET] /api/lessons
2023-02-19 02:49:54 [Logging] info: /api/lessons - [GET] /api/lessons
2023-02-19 02:50:07 [Logging] info: /api/lessons/2 - [GET] /api/lessons/2
2023-02-19 02:50:40 [Logging] info: [GET] /api/lessons/2
2023-02-19 02:50:59 [Logging] info: [GET] /api/lessons/2
2023-02-19 02:57:39 [Logging] info: [GET] /api/lessons/2
2023-02-19 11:36:05 [Logging] info: [GET] /api/contents
2023-02-19 11:36:29 [Logging] info: [POST] /api/contents
2023-02-19 11:36:51 [Logging] info: [POST] /api/contents
2023-02-19 11:37:16 [Logging] info: [DELETE] /api/contents/1
2023-02-19 11:37:19 [Logging] info: [GET] /api/contents
2023-02-19 11:37:25 [Logging] info: [GET] /api/contents/2
2023-02-19 11:37:29 [Logging] info: [GET] /api/contents/1
2023-02-19 11:37:52 [Logging] info: [POST] /api/contents
2023-02-19 11:37:58 [Logging] info: [GET] /api/contents
2023-02-19 11:38:05 [Logging] info: [DELETE] /api/contents/4
2023-02-19 11:38:09 [Logging] info: [GET] /api/contents
2023-02-19 15:13:23 [Logging] info: [GET] /api/contents
2023-02-19 15:13:27 [Logging] info: [GET] /api/contents/1
2023-02-19 15:13:31 [Logging] info: [GET] /api/contents/3
2023-02-19 15:13:43 [Logging] info: [GET] /api/courses
2023-02-20 13:18:44 [Logging] info: [GET] /api/courses
2023-02-20 13:19:10 [Logging] info: [GET] /api/groups
2023-02-22 14:08:34 [Logging] info: [GET] /api/contents
2023-02-22 14:10:11 [Logging] info: [GET] /api/contents
2023-02-22 14:10:33 [Logging] info: [GET] /api/contents/3
2023-02-22 14:10:42 [Logging] info: [GET] /api/contents
2023-02-22 14:11:39 [Logging] info: [GET] /api/contents
2023-02-22 14:14:28 [Logging] info: [GET] /api/contents
2023-02-22 14:14:37 [Logging] info: [GET] /api/courses
2023-02-22 14:14:45 [Logging] info: [GET] /api/courses
2023-02-22 14:15:20 [Logging] info: [GET] /api/courses
2023-02-22 14:15:28 [Logging] info: [GET] /api/courses
2023-02-22 14:15:31 [Logging] info: [GET] /api/courses/2
2023-02-22 14:15:34 [Logging] info: [GET] /api/courses
2023-02-22 14:16:01 [Logging] info: [GET] /api/courses
2023-02-22 14:16:37 [Logging] info: [GET] /api/courses
2023-02-22 14:16:52 [Logging] info: [GET] /api/contents
2023-02-22 14:16:56 [Logging] info: [GET] /api/lessons
2023-02-22 14:17:01 [Logging] info: [GET] /api/groups
2023-02-22 14:20:22 [Logging] info: [GET] /api/groups
2023-02-22 14:20:35 [Logging] info: [GET] /api/lessons
2023-02-22 14:21:40 [Logging] info: [GET] /api/contents
2023-02-22 14:23:03 [Logging] info: [GET] /api/contents
2023-02-22 14:23:55 [Logging] info: [GET] /api/contents
2023-02-22 14:24:12 [Logging] info: [GET] /api/contents
2023-02-22 14:24:45 [Logging] info: [GET] /api/contents
2023-02-22 14:28:25 [Logging] info: [GET] /api/contents
2023-02-22 14:28:28 [Logging] info: [GET] /api/courses
2023-02-22 14:28:31 [Logging] info: [GET] /api/lessons
2023-02-22 14:28:33 [Logging] info: [GET] /api/groups
