2023-02-18T19:34:23.248Z [courses] info: Getting all courses
2023-02-18T19:34:56.984Z [courses] info: Getting all courses
2023-02-18T19:35:10.309Z [courses] info: Getting course with ID 2
2023-02-18T19:35:57.866Z [courses] info: Getting course with ID 2
2023-02-18T19:37:20.852Z [courses] info: Getting course with ID 2
2023-02-18T19:37:54.381Z [Logging] info: Getting course with ID 2
2023-02-18T19:38:19.467Z [logger] info: Getting course with ID 2
2023-02-18T19:40:39.276Z [logger] info: [GET] /
2023-02-18T19:40:51.523Z [logger] info: [POST] /
2023-02-18T19:40:53.960Z [logger] info: [GET] /
2023-02-18T19:42:53.685Z [logger] info: [GET] [object Object]
2023-02-18T19:43:02.728Z [logger] info: [GET] [object Object]
2023-02-18T19:43:07.432Z [logger] info: [GET] [object Object]
2023-02-18T19:43:16.887Z [logger] info: [GET] /
2023-02-18T19:44:31.361Z [logger] info: [GET] /api/lessons
2023-02-18T19:45:03.525Z [logger] info: [GET] /api/lessons/1
2023-02-18T19:45:13.170Z [logger] info: [GET] /api/lessons
2023-02-18T19:45:17.625Z [logger] info: [GET] /api/lessons/2
2023-02-18T19:46:06.037Z [logger] info: [GET] /api/lessons/2
2023-02-18T19:46:21.516Z [logger] info: Getting all courses
